<?xml version="1.0" encoding="UTF-8"?>
<!-- Generated by org.testng.reporters.JUnitXMLReporter -->
<testsuite ignored="0" hostname="DESKTOP-VTFIHJ2" failures="0" tests="1" name="Test" time="0.288" errors="0" timestamp="18 Feb 2023 06:56:16 GMT">
  <testcase classname="com.lti.runner.TestRunner" name="@BeforeTest initialize" time="0.233">
    <failure type="java.lang.IllegalStateException" message="The driver executable does not exist: D:\javaworkplace\demoFrames\.\myDrivers\chromedriver.exe">
      <![CDATA[java.lang.IllegalStateException: The driver executable does not exist: D:\javaworkplace\demoFrames\.\myDrivers\chromedriver.exe
at com.google.common.base.Preconditions.checkState(Preconditions.java:585)
at org.openqa.selenium.remote.service.DriverService.checkExecutable(DriverService.java:146)
at org.openqa.selenium.remote.service.DriverService.findExecutable(DriverService.java:141)
at org.openqa.selenium.chrome.ChromeDriverService.access$000(ChromeDriverService.java:35)
at org.openqa.selenium.chrome.ChromeDriverService$Builder.findDefaultExecutable(ChromeDriverService.java:159)
at org.openqa.selenium.remote.service.DriverService$Builder.build(DriverService.java:355)
at org.openqa.selenium.chrome.ChromeDriverService.createDefaultService(ChromeDriverService.java:94)
at org.openqa.selenium.chrome.ChromeDriver.<init>(ChromeDriver.java:123)
at com.lti.utility.BaseClass.openBrowser(BaseClass.java:13)
at com.lti.runner.TestRunner.initialize(TestRunner.java:21)
... Removed 28 stack frames]]>
    </failure>
  </testcase> <!-- @BeforeTest initialize -->
  <testcase classname="com.lti.runner.TestRunner" name="myFirstTest" time="0.0">
    <skipped/>
  </testcase> <!-- myFirstTest -->
</testsuite> <!-- Test -->
